#
# An unexpected error has occurred (11)
#
Stack:
/media/disk/Xilinx/Vivado/2024.1/tps/lnx64/jre21.0.1_12/lib//server/libjvm.so(+0xe4f55c) [0x7f4f63c4f55c]
/media/disk/Xilinx/Vivado/2024.1/tps/lnx64/jre21.0.1_12/lib//server/libjvm.so(JVM_handle_linux_signal+0x23e) [0x7f4f63c5002e]
/lib/x86_64-linux-gnu/libc.so.6(+0x42520) [0x7f4fa5442520]
/media/disk/Xilinx/Vivado/2024.1/lib/lnx64.o/librdi_simbridge_kernel.so(SimBridge::WdbCommonReader::getLatestTime() const+0xc) [0x7f4f8b9a83ac]
/media/disk/Xilinx/Vivado/2024.1/lib/lnx64.o/librdi_simbridge_kernel.so(SimBridge::WdbLiveReader::getLatestTime() const+0x33) [0x7f4f8b9b93a3]
/media/disk/Xilinx/Vivado/2024.1/lib/lnx64.o/librdi_wavedata.so(SimBridge::WdbDataSource::getTransitions(SimBridge::DataObj const*, long long, long long, long long, std::vector<SimBridge::Transition, std::allocator<SimBridge::Transition> >&) const+0x6a) [0x7f4f7468c77a]
/media/disk/Xilinx/Vivado/2024.1/lib/lnx64.o/librdi_wavedata.so(SimBridge::DataObjMgr::getTransitions(SimBridge::DataObj const*, long long, long long, long long, SimBridge::ValueFormat const&, bool, std::vector<SimBridge::Transition, std::allocator<SimBridge::Transition> >&) const+0xb85) [0x7f4f74688ce5]
/media/disk/Xilinx/Vivado/2024.1/lib/lnx64.o/librdi_wavedata.so(SimBridge::DataReader::getTransitions(SimBridge::IDataObj const*, long long, long long, long long, SimBridge::ValueFormat const&, std::vector<SimBridge::Transition, std::allocator<SimBridge::Transition> >&) const+0x99) [0x7f4f746965e9]
/media/disk/Xilinx/Vivado/2024.1/lib/lnx64.o/librdi_wavedata.so(SG_Model::ModelImp::getTransitions(SimBridge::IDataObj const*, SG_Model::IDatabase*, long long, long long, long long, SimBridge::ValueFormat const&, bool, std::vector<SimBridge::Transition, std::allocator<SimBridge::Transition> >&) const+0xbd) [0x7f4f747372dd]
/media/disk/Xilinx/Vivado/2024.1/lib/lnx64.o/librdi_wavedata.so(SG_Model::Model::getTransitions(SG_Model::WVDataObject const*, long long, long long, long long, SimBridge::ValueFormat const&, bool, std::vector<SimBridge::Transition, std::allocator<SimBridge::Transition> >&) const+0x12c) [0x7f4f747389fc]
/media/disk/Xilinx/Vivado/2024.1/lib/lnx64.o/librdi_wavedata.so(+0x368d43) [0x7f4f74768d43]
/media/disk/Xilinx/Vivado/2024.1/lib/lnx64.o/librdi_wavedata.so(SG_Model::WaveformRender::render(SG_Model::WVDataObject const&)+0x109) [0x7f4f74764c79]
/media/disk/Xilinx/Vivado/2024.1/lib/lnx64.o/librdi_wavedata.so(WaveViewer::WVWaveformPanel::WaveformTraverser::drawWaveform(SG_Model::WVDataObject const*, int, int)+0x38e) [0x7f4f747dface]
/media/disk/Xilinx/Vivado/2024.1/lib/lnx64.o/librdi_wavedata.so(WaveViewer::WVWaveformPanel::WaveformTraverser::handleItemSize(WaveViewer::WVTreeWVObjectModel::ITraverseHandler::TraverseItem const&)+0x52) [0x7f4f747dfda2]
/media/disk/Xilinx/Vivado/2024.1/lib/lnx64.o/librdi_wavedata.so(WaveViewer::WVTreeWVObjectModel::traverseYRange(SG_Model::WVDataObject const*, WaveViewer::WVTreeWVObjectModel::ITraverseHandler&, int, int, int&, int&) const+0x234) [0x7f4f747c3204]
/media/disk/Xilinx/Vivado/2024.1/lib/lnx64.o/librdi_wavedata.so(WaveViewer::WVTreeWVObjectModel::traverseYRange(SG_Model::WVDataObject const*, WaveViewer::WVTreeWVObjectModel::ITraverseHandler&, int, int, int&, int&) const+0x2be) [0x7f4f747c328e]
/media/disk/Xilinx/Vivado/2024.1/lib/lnx64.o/librdi_wavedata.so(WaveViewer::WVTreeWVObjectModel::traverseYRange(WaveViewer::WVTreeWVObjectModel::ITraverseHandler&, int, int) const+0x57) [0x7f4f747c33c7]
/media/disk/Xilinx/Vivado/2024.1/lib/lnx64.o/librdi_wavedata.so(WaveViewer::WVWaveformPanel::getGraphics(HDGDStringStream&, long&)+0x3a9) [0x7f4f747df0c9]
/media/disk/Xilinx/Vivado/2024.1/lib/lnx64.o/librdi_wavedata.so(WVExecutiveImp::getGraphicsDataSize()+0x9a) [0x7f4f7479b1fa]
/media/disk/Xilinx/Vivado/2024.1/lib/lnx64.o/librdi_wavedata.so(WVExecutive::getGraphicsDataSize()+0xf) [0x7f4f7479b67f]
/media/disk/Xilinx/Vivado/2024.1/lib/lnx64.o/librdi_wavedata.so(Java_ui_views_waveform_waveformi_WVExecutive_1getGraphicsDataSize+0x17) [0x7f4f747e78b7]
[0x7f4f5369aeea]
