Vivado Simulator v2024.1
Copyright 1986-2022 Xilinx, Inc. All Rights Reserved.
Copyright 2022-2024 Advanced Micro Devices, Inc. All Rights Reserved.
Running: /media/disk/Xilinx/Vivado/2024.1/bin/unwrapped/lnx64.o/xelab --incr --debug typical --relax --mt 8 -L xil_defaultlib -L secureip --snapshot RSA_accelerator_tb_behav xil_defaultlib.RSA_accelerator_tb -log elaborate.log 
Using 8 slave threads.
Starting static elaboration
Completed static elaboration
Starting simulation data flow analysis
Completed simulation data flow analysis
Time Resolution for simulation is 1ps
Compiling package std.standard
Compiling package std.textio
Compiling package ieee.std_logic_1164
Compiling package ieee.math_real
Compiling package ieee.numeric_std
Compiling architecture behavioral of entity xil_defaultlib.monpro [monpro_default]
Compiling architecture expbehave of entity xil_defaultlib.exponentiation [exponentiation_default]
Compiling architecture rtl of entity xil_defaultlib.rsa_core [rsa_core_default]
Compiling architecture struct of entity xil_defaultlib.rsa_accelerator_tb
Built simulation snapshot RSA_accelerator_tb_behav
